0.477159
0.485585
0.411112
0.432718
0.472589
0.279474
0.391635
0.430334
0.848856
0.967082
0.968826
0.956437
0.956919
0.969999
0.976272
0.976752
0.690435
0.39441
0.599449
0.947368
0.976397
0.973404
0.96172
0.939576
0.913293
0.964137
0.980778
0.989048
0.991408
0.468119
0.42314
0.445202
0.525792
0.469792
0.55299
0.613767
0.889187
0.968083
0.980227
0.975979
0.980087
0.980206
0.976574
0.970529
0.97221
0.973028
0.971584
0.99321
0.682462
-0.0201802
-0.304188
0.689204
0.904525
0.934075
0.937241
0.922549
0.186413
0.160868
0.140994
0.181524
0.186771
0.327919
0.615989
0.962956
0.966927
0.979599
0.995793
0.995685
0.987032
0.962755
0.943126
0.945912
0.957022
0.962084
0.974359
0.984731
0.884092
0.347517
0.223384
0.235584
0.217578
0.227075
0.21904
0.214722
0.241574
0.318311
0.906304
0.975258
0.967375
0.966747
0.972445
0.968986
0.963096
0.971636
0.979322
0.966805
0.972793
0.935111
0.75719
0.709218
0.624276
0.66034
0.660989
0.578001
0.564127
0.42347
0.475291
0.520363
0.610189
0.726959
0.613976
0.588328
0.718965
0.861989
0.93367
0.930081
0.942879
0.949626
0.922461
0.766929
-0.247506
0.783016
0.597991
0.492568
0.610756
0.476104
0.401911
0.4544
0.39139
0.453383
0.561266
0.628647
