0.169467
0.194943
0.117957
0.275714
0.235627
0.108203
0.247866
0.138844
0.43523
0.0818452
0.357574
0.276506
0.31792
0.348356
0.563837
0.314941
0.180304
0.164328
0.287119
0.644505
0.64639
0.695328
0.755643
0.756785
0.397801
0.455821
0.433644
0.409019
0.458686
0.166795
0.168153
0.146395
0.273303
0.182188
0.143213
0.231575
0.48566
0.679782
0.706189
0.687751
0.610643
0.652787
0.616538
0.61631
0.599469
0.44693
0.256426
0.444627
0.127873
0.148153
0.170942
0.368093
0.420542
0.547798
0.518081
0.390108
0.328143
0.390315
0.386627
0.239696
0.31349
0.357184
0.346836
0.35845
0.560682
0.535972
0.612023
0.644796
0.62962
0.606562
0.568667
0.573872
0.592817
0.624171
0.603313
0.555812
0.398837
0.348385
0.164191
0.297638
0.248993
0.339375
0.433452
0.389156
0.306891
0.247969
0.230447
0.419625
0.585116
0.601912
0.576589
0.523659
0.508291
0.479038
0.483318
0.484502
0.358503
0.260768
0.332874
0.25662
0.169364
0.150737
0.23229
0.20853
0.162737
0.202425
0.156277
0.15355
0.187208
0.214965
0.121609
0.142007
0.108793
0.168715
0.234394
0.203026
0.248053
0.469902
0.263912
0.263884
0.0498648
0.257782
0.380833
0.157839
0.362895
0.204061
0.228568
0.140049
0.199357
0.395368
0.298114
0.310906
